[27596:36556:0306/115044.255:ERROR:model_type_store_service_impl.cc(38)] Failed to initialize ModelTypeStore backend: Init@../../components/sync/model_impl/model_type_store_backend.cc:99: IO error: D:\avans jaar 2\project agile\Test_Script\chrome\Default\Sync Data\LevelDB/MANIFEST-000001: Unable to create sequential file (ChromeMethodBFE: 7::NewSequentialFile::1)
[27596:38052:0306/115045.427:WARNING:value_store_frontend.cc(45)] Reading mfehgcgbbipciphmccgaenjidiccnmng.alarms from  failed: IO error: .../MANIFEST-000001: Unable to create sequential file (ChromeMethodBFE: 7::NewSequentialFile::1)
[27596:38052:0306/115045.428:WARNING:value_store_frontend.cc(45)] Reading ahfgeienlihckogmohjhadlkjgocpleb.alarms from  failed: IO error: .../MANIFEST-000001: Unable to create sequential file (ChromeMethodBFE: 7::NewSequentialFile::1)
[27596:38052:0306/115045.429:WARNING:value_store_frontend.cc(45)] Reading mhjfbmdgcfjbbpaeojofohoefgiehjai.alarms from  failed: IO error: .../MANIFEST-000001: Unable to create sequential file (ChromeMethodBFE: 7::NewSequentialFile::1)
[27596:38052:0306/115045.432:WARNING:value_store_frontend.cc(45)] Reading aapnijgdinlhnhlmodcfapnahmbfebeb.alarms from  failed: IO error: .../MANIFEST-000001: Unable to create sequential file (ChromeMethodBFE: 7::NewSequentialFile::1)
[27596:30944:0306/115049.566:ERROR:data_store_impl.cc(131)] Failed to open Data Reduction Proxy DB: 3
[27596:35564:0306/115049.608:WARNING:leveldb_database.cc(110)] Unable to open D:\avans jaar 2\project agile\Test_Script\chrome\Default\Feature Engagement Tracker\EventDB: IO error: D:\avans jaar 2\project agile\Test_Script\chrome\Default\Feature Engagement Tracker\EventDB/MANIFEST-000001: Unable to create sequential file (ChromeMethodBFE: 7::NewSequentialFile::1)
[27596:35564:0306/115049.610:WARNING:leveldb_database.cc(110)] Unable to open D:\avans jaar 2\project agile\Test_Script\chrome\Default\Feature Engagement Tracker\AvailabilityDB: IO error: D:\avans jaar 2\project agile\Test_Script\chrome\Default\Feature Engagement Tracker\AvailabilityDB/MANIFEST-000001: Unable to create sequential file (ChromeMethodBFE: 7::NewSequentialFile::1)
[27596:35564:0306/115049.611:WARNING:leveldb_database.cc(110)] Unable to open D:\avans jaar 2\project agile\Test_Script\chrome\Default\BudgetDatabase: IO error: D:\avans jaar 2\project agile\Test_Script\chrome\Default\BudgetDatabase/MANIFEST-000001: Unable to create sequential file (ChromeMethodBFE: 7::NewSequentialFile::1)
[27596:35564:0306/115049.612:WARNING:leveldb_database.cc(110)] Unable to open D:\avans jaar 2\project agile\Test_Script\chrome\Default\AutofillStrikeDatabase: IO error: D:\avans jaar 2\project agile\Test_Script\chrome\Default\AutofillStrikeDatabase/MANIFEST-000001: Unable to create sequential file (ChromeMethodBFE: 7::NewSequentialFile::1)
[27596:38052:0306/115049.615:WARNING:leveldb_database.cc(110)] Unable to open D:\avans jaar 2\project agile\Test_Script\chrome\Default\shared_proto_db\metadata: IO error: D:\avans jaar 2\project agile\Test_Script\chrome\Default\shared_proto_db\metadata/MANIFEST-000001: Unable to create sequential file (ChromeMethodBFE: 7::NewSequentialFile::1)
[27596:35564:0306/115049.617:WARNING:leveldb_database.cc(110)] Unable to open D:\avans jaar 2\project agile\Test_Script\chrome\Default\AutofillStrikeDatabase: IO error: D:\avans jaar 2\project agile\Test_Script\chrome\Default\AutofillStrikeDatabase/MANIFEST-000001: Unable to create sequential file (ChromeMethodBFE: 7::NewSequentialFile::1)
[27596:35564:0306/115049.618:WARNING:leveldb_database.cc(110)] Unable to open D:\avans jaar 2\project agile\Test_Script\chrome\Default\AutofillStrikeDatabase: IO error: D:\avans jaar 2\project agile\Test_Script\chrome\Default\AutofillStrikeDatabase/MANIFEST-000001: Unable to create sequential file (ChromeMethodBFE: 7::NewSequentialFile::1)
[27596:35564:0306/115049.619:WARNING:leveldb_database.cc(110)] Unable to open D:\avans jaar 2\project agile\Test_Script\chrome\Default\AutofillStrikeDatabase: IO error: D:\avans jaar 2\project agile\Test_Script\chrome\Default\AutofillStrikeDatabase/MANIFEST-000001: Unable to create sequential file (ChromeMethodBFE: 7::NewSequentialFile::1)
[28764:22064:0306/115121.006:ERROR:cache_util_win.cc(21)] Unable to move the cache: Toegang geweigerd. (0x5)
[28764:22064:0306/115121.007:ERROR:cache_util.cc(135)] Unable to move cache folder D:\avans jaar 2\project agile\Test_Script\chrome\ShaderCache\GPUCache to D:\avans jaar 2\project agile\Test_Script\chrome\ShaderCache\old_GPUCache_000
[28764:22064:0306/115121.007:ERROR:disk_cache.cc(184)] Unable to create cache
[28764:22064:0306/115121.007:ERROR:shader_disk_cache.cc(606)] Shader Cache Creation failed: -2
[28764:38900:0306/115121.111:WARNING:pref_notifier_impl.cc(40)] Pref observer for browser.relaunch_notification_period found at shutdown.
[27596:38260:0306/121007.682:WARNING:pref_notifier_impl.cc(40)] Pref observer for media_router.cast_allow_all_ips found at shutdown.
[27596:38260:0306/121007.682:WARNING:pref_notifier_impl.cc(40)] Pref observer for browser.relaunch_notification_period found at shutdown.
